<?xml version="1.0" encoding="UTF-8"?>
<testsuite name="test.java.SortAlgoTest" tests="12" skipped="0" failures="0" errors="0" timestamp="2018-10-22T05:37:18" hostname="Kumar-PC" time="0.005">
  <properties/>
  <testcase name="testEmptyItemForHeapSort" classname="test.java.SortAlgoTest" time="0.003"/>
  <testcase name="testEmptyItemQuickSort" classname="test.java.SortAlgoTest" time="0.0"/>
  <testcase name="testMerge" classname="test.java.SortAlgoTest" time="0.0"/>
  <testcase name="testQuick" classname="test.java.SortAlgoTest" time="0.0"/>
  <testcase name="testHeap" classname="test.java.SortAlgoTest" time="0.0"/>
  <testcase name="testSelection" classname="test.java.SortAlgoTest" time="0.0"/>
  <testcase name="testEmptyItemForMergeSort" classname="test.java.SortAlgoTest" time="0.0"/>
  <testcase name="testEmptyItem" classname="test.java.SortAlgoTest" time="0.0"/>
  <testcase name="testInsertion" classname="test.java.SortAlgoTest" time="0.001"/>
  <testcase name="testEmptyItemForInsertionSort" classname="test.java.SortAlgoTest" time="0.0"/>
  <testcase name="testEmptyItemForSelectionSort" classname="test.java.SortAlgoTest" time="0.0"/>
  <testcase name="unsortedTest" classname="test.java.SortAlgoTest" time="0.0"/>
  <system-out><![CDATA[]]></system-out>
  <system-err><![CDATA[]]></system-err>
</testsuite>
